Build started 8/21/2012 10:58:42 AM.
     1>Project "C:\Users\cschenck\Documents\programming\opencv_projects\OpenCV_Helloworld\OpenCV_Helloworld\OpenCV_Helloworld.vcxproj" on node 2 (build target(s)).
     1>InitializeBuildStatus:
         Creating "Release\OpenCV_Helloworld.unsuccessfulbuild" because "AlwaysCreate" was specified.
       ClCompile:
         All outputs are up-to-date.
         c:\Program Files (x86)\Microsoft Visual Studio 10.0\VC\bin\CL.exe /c /Zi /nologo /W3 /WX- /O2 /Oi /Oy- /GL /D WIN32 /D NDEBUG /D _CONSOLE /D _UNICODE /D UNICODE /Gm- /EHsc /MD /GS /Gy /fp:precise /Zc:wchar_t /Zc:forScope /Yu"StdAfx.h" /Fp"Release\OpenCV_Helloworld.pch" /Fo"Release\\" /Fd"Release\vc100.pdb" /Gd /TP /analyze- /errorReport:prompt OpenCV_Helloworld.cpp
         OpenCV_Helloworld.cpp
       Link:
         c:\Program Files (x86)\Microsoft Visual Studio 10.0\VC\bin\link.exe /ERRORREPORT:PROMPT /OUT:"C:\Users\cschenck\Documents\programming\opencv_projects\OpenCV_Helloworld\Release\OpenCV_Helloworld.exe" /INCREMENTAL:NO /NOLOGO cv210.lib cxcore210.lib highgui210.lib kernel32.lib user32.lib gdi32.lib winspool.lib comdlg32.lib advapi32.lib shell32.lib ole32.lib oleaut32.lib uuid.lib odbc32.lib odbccp32.lib /MANIFEST /ManifestFile:"Release\OpenCV_Helloworld.exe.intermediate.manifest" /MANIFESTUAC:"level='asInvoker' uiAccess='false'" /DEBUG /PDB:"C:\Users\cschenck\Documents\programming\opencv_projects\OpenCV_Helloworld\Release\OpenCV_Helloworld.pdb" /SUBSYSTEM:CONSOLE /OPT:REF /OPT:ICF /LTCG /TLBID:1 /DYNAMICBASE /NXCOMPAT /IMPLIB:"C:\Users\cschenck\Documents\programming\opencv_projects\OpenCV_Helloworld\Release\OpenCV_Helloworld.lib" /MACHINE:X86 Release\background_segmentation.obj
         Release\my_utils.obj
         Release\OpenCV_Helloworld.obj
         Release\optical_flow.obj
         Release\stdafx.obj
         Generating code
         Finished generating code
         OpenCV_Helloworld.vcxproj -> C:\Users\cschenck\Documents\programming\opencv_projects\OpenCV_Helloworld\Release\OpenCV_Helloworld.exe
       Manifest:
         C:\Program Files (x86)\Microsoft SDKs\Windows\v7.0A\bin\mt.exe /nologo /verbose /outputresource:"C:\Users\cschenck\Documents\programming\opencv_projects\OpenCV_Helloworld\Release\OpenCV_Helloworld.exe;#1" /manifest Release\OpenCV_Helloworld.exe.intermediate.manifest
       FinalizeBuildStatus:
         Deleting file "Release\OpenCV_Helloworld.unsuccessfulbuild".
         Touching "Release\OpenCV_Helloworld.lastbuildstate".
     1>Done Building Project "C:\Users\cschenck\Documents\programming\opencv_projects\OpenCV_Helloworld\OpenCV_Helloworld\OpenCV_Helloworld.vcxproj" (build target(s)).

Build succeeded.

Time Elapsed 00:00:01.57
